Started by user [8mha:AAAAlh+LCAAAAAAAAP9b85aBtbiIQTGjNKU4P08vOT+vOD8nVc83PyU1x6OyILUoJzMv2y+/JJUBAhiZGBgqihhk0NSjKDWzXb3RdlLBUSYGJk8GtpzUvPSSDB8G5tKinBIGIZ+sxLJE/ZzEvHT94JKizLx0a6BxUmjGOUNodHsLgAzOEgYu/dLi1CL9vNKcHACFIKlWvwAAAA==[0manonymous
[EnvInject] - Loading node environment variables.
Building in workspace C:\Users\nagaraj.nookala\.jenkins\jobs\SiteInformation\workspace
 > C:\Program Files\Git\mingw64\libexec\git-core\git.exe rev-parse --is-inside-work-tree # timeout=10
Fetching changes from the remote Git repository
 > C:\Program Files\Git\mingw64\libexec\git-core\git.exe config remote.origin.url https://github.com/nooknaga/SiteInfo.git # timeout=10
Fetching upstream changes from https://github.com/nooknaga/SiteInfo.git
 > C:\Program Files\Git\mingw64\libexec\git-core\git.exe --version # timeout=10
using .gitcredentials to set credentials
 > C:\Program Files\Git\mingw64\libexec\git-core\git.exe config --local credential.username nookala.nagaraj@gmail.com # timeout=10
 > C:\Program Files\Git\mingw64\libexec\git-core\git.exe config --local credential.helper store --file=\"C:\Users\NAGARA~1.NOO\AppData\Local\Temp\git5270720625628185098.credentials\" # timeout=10
 > C:\Program Files\Git\mingw64\libexec\git-core\git.exe -c core.askpass=true fetch --tags --progress https://github.com/nooknaga/SiteInfo.git +refs/heads/*:refs/remotes/origin/*
 > C:\Program Files\Git\mingw64\libexec\git-core\git.exe config --local --remove-section credential # timeout=10
 > C:\Program Files\Git\mingw64\libexec\git-core\git.exe rev-parse "refs/remotes/origin/master^{commit}" # timeout=10
 > C:\Program Files\Git\mingw64\libexec\git-core\git.exe rev-parse "refs/remotes/origin/origin/master^{commit}" # timeout=10
Checking out Revision 2bd79fed158839df005e76471f109a506b7a4344 (refs/remotes/origin/master)
 > C:\Program Files\Git\mingw64\libexec\git-core\git.exe config core.sparsecheckout # timeout=10
 > C:\Program Files\Git\mingw64\libexec\git-core\git.exe checkout -f 2bd79fed158839df005e76471f109a506b7a4344
 > C:\Program Files\Git\mingw64\libexec\git-core\git.exe rev-list 2f977d68c5cf4851464c76be2419263ee8937506 # timeout=10
ERROR: Build step failed with exception
[8mha:AAAAWB+LCAAAAAAAAP9b85aBtbiIQSmjNKU4P08vOT+vOD8nVc8DzHWtSE4tKMnMz/PLL0ldFVf2c+b/lb5MDAwVRQxSaBqcITRIIQMEMIIUFgAAckCEiWAAAAA=[0morg.codehaus.groovy.control.MultipleCompilationErrorsException: startup failed:
Script1.groovy: 122: unexpected token: site1citrix @ line 122, column 7.
     def site1citrix << it.Site1CitrixName
         ^

1 error

	at org.codehaus.groovy.control.ErrorCollector.failIfErrors(ErrorCollector.java:302)
	at org.codehaus.groovy.control.ErrorCollector.addFatalError(ErrorCollector.java:149)
	at org.codehaus.groovy.control.ErrorCollector.addError(ErrorCollector.java:119)
	at org.codehaus.groovy.control.ErrorCollector.addError(ErrorCollector.java:131)
	at org.codehaus.groovy.control.SourceUnit.addError(SourceUnit.java:359)
	at org.codehaus.groovy.antlr.AntlrParserPlugin.transformCSTIntoAST(AntlrParserPlugin.java:142)
	at org.codehaus.groovy.antlr.AntlrParserPlugin.parseCST(AntlrParserPlugin.java:108)
	at org.codehaus.groovy.control.SourceUnit.parse(SourceUnit.java:236)
	at org.codehaus.groovy.control.CompilationUnit$1.call(CompilationUnit.java:161)
	at org.codehaus.groovy.control.CompilationUnit.applyToSourceUnits(CompilationUnit.java:846)
	at org.codehaus.groovy.control.CompilationUnit.doPhaseOperation(CompilationUnit.java:550)
	at org.codehaus.groovy.control.CompilationUnit.processPhaseOperations(CompilationUnit.java:526)
	at org.codehaus.groovy.control.CompilationUnit.compile(CompilationUnit.java:503)
	at groovy.lang.GroovyClassLoader.doParseClass(GroovyClassLoader.java:302)
	at groovy.lang.GroovyClassLoader.parseClass(GroovyClassLoader.java:281)
	at groovy.lang.GroovyShell.parseClass(GroovyShell.java:731)
	at groovy.lang.GroovyShell.parse(GroovyShell.java:743)
	at groovy.lang.GroovyShell.parse(GroovyShell.java:698)
	at groovy.lang.GroovyShell.evaluate(GroovyShell.java:648)
	at groovy.lang.GroovyShell.evaluate(GroovyShell.java:636)
	at hudson.plugins.groovy.SystemGroovy.perform(SystemGroovy.java:98)
	at hudson.tasks.BuildStepMonitor$1.perform(BuildStepMonitor.java:20)
	at hudson.model.AbstractBuild$AbstractBuildExecution.perform(AbstractBuild.java:782)
	at hudson.model.Build$BuildExecution.build(Build.java:205)
	at hudson.model.Build$BuildExecution.doRun(Build.java:162)
	at hudson.model.AbstractBuild$AbstractBuildExecution.run(AbstractBuild.java:534)
	at hudson.model.Run.execute(Run.java:1738)
	at hudson.model.FreeStyleBuild.run(FreeStyleBuild.java:43)
	at hudson.model.ResourceController.execute(ResourceController.java:98)
	at hudson.model.Executor.run(Executor.java:410)
Build step 'Execute system Groovy script' marked build as failure
Finished: FAILURE
