Started by user [8mha:AAAAlh+LCAAAAAAAAP9b85aBtbiIQTGjNKU4P08vOT+vOD8nVc83PyU1x6OyILUoJzMv2y+/JJUBAhiZGBgqihhk0NSjKDWzXb3RdlLBUSYGJk8GtpzUvPSSDB8G5tKinBIGIZ+sxLJE/ZzEvHT94JKizLx0a6BxUmjGOUNodHsLgAzOEgYu/dLi1CL9vNKcHACFIKlWvwAAAA==[0manonymous
Building in workspace C:\Users\nagaraj.nookala\.jenkins\jobs\SiteInformation\workspace
[workspace] $ C:\groovy-2.4.7\bin\groovy.bat C:\Users\nagaraj.nookala\.jenkins\jobs\SiteInformation\workspace\hudson6348719844846177130.groovy
Caught: groovy.lang.MissingPropertyException: No such property: params for class: hudson6348719844846177130
groovy.lang.MissingPropertyException: No such property: params for class: hudson6348719844846177130
	at hudson6348719844846177130.run(hudson6348719844846177130.groovy:2)
Build step 'Execute Groovy script' marked build as failure
Finished: FAILURE
