Started by user [8mha:AAAAlh+LCAAAAAAAAP9b85aBtbiIQTGjNKU4P08vOT+vOD8nVc83PyU1x6OyILUoJzMv2y+/JJUBAhiZGBgqihhk0NSjKDWzXb3RdlLBUSYGJk8GtpzUvPSSDB8G5tKinBIGIZ+sxLJE/ZzEvHT94JKizLx0a6BxUmjGOUNodHsLgAzOEgYu/dLi1CL9vNKcHACFIKlWvwAAAA==[0manonymous
Building in workspace C:\Users\nagaraj.nookala\.jenkins\jobs\SiteInformation\workspace
testing
SF-01
10.10.10.11
YktHstSF01.hosting.cloud.advent
Primary
SF-02
10.10.10.12
YktHstSF02.hosting.cloud.advent
Secondary
DC-01
10.10.10.13
YktHstDel01.hosting.cloud.advent
Primary
DC-02
10.10.10.14
YktHstDel02.hosting.cloud.advent
Secondary
SF-01
10.30.30.31
HrsHstSF01.hosting.cloud.advent
Primary
SF-02
10.30.30.32
HrsHstSF02.hosting.cloud.advent
Secondary
DC-01
10.30.30.33
HrsHstDel01.hosting.cloud.advent
Primary
DC-02
10.30.30.34
HrsHstDel02.hosting.cloud.advent
Secondary
ERROR: Build step failed with exception
[8mha:AAAAWB+LCAAAAAAAAP9b85aBtbiIQSmjNKU4P08vOT+vOD8nVc8DzHWtSE4tKMnMz/PLL0ldFVf2c+b/lb5MDAwVRQxSaBqcITRIIQMEMIIUFgAAckCEiWAAAAA=[0mjava.lang.NullPointerException: Cannot invoke method equalsIgnoreCase() on null object
	at org.codehaus.groovy.runtime.NullObject.invokeMethod(NullObject.java:77)
	at org.codehaus.groovy.runtime.callsite.PogoMetaClassSite.call(PogoMetaClassSite.java:45)
	at org.codehaus.groovy.runtime.callsite.CallSiteArray.defaultCall(CallSiteArray.java:42)
	at org.codehaus.groovy.runtime.callsite.NullCallSite.call(NullCallSite.java:32)
	at org.codehaus.groovy.runtime.callsite.CallSiteArray.defaultCall(CallSiteArray.java:42)
	at org.codehaus.groovy.runtime.callsite.AbstractCallSite.call(AbstractCallSite.java:108)
	at org.codehaus.groovy.runtime.callsite.AbstractCallSite.call(AbstractCallSite.java:116)
	at Script1.run(Script1.groovy:87)
	at groovy.lang.GroovyShell.evaluate(GroovyShell.java:650)
	at groovy.lang.GroovyShell.evaluate(GroovyShell.java:636)
	at hudson.plugins.groovy.SystemGroovy.perform(SystemGroovy.java:98)
	at hudson.tasks.BuildStepMonitor$1.perform(BuildStepMonitor.java:20)
	at hudson.model.AbstractBuild$AbstractBuildExecution.perform(AbstractBuild.java:782)
	at hudson.model.Build$BuildExecution.build(Build.java:205)
	at hudson.model.Build$BuildExecution.doRun(Build.java:162)
	at hudson.model.AbstractBuild$AbstractBuildExecution.run(AbstractBuild.java:534)
	at hudson.model.Run.execute(Run.java:1738)
	at hudson.model.FreeStyleBuild.run(FreeStyleBuild.java:43)
	at hudson.model.ResourceController.execute(ResourceController.java:98)
	at hudson.model.Executor.run(Executor.java:410)
Build step 'Execute system Groovy script' marked build as failure
Finished: FAILURE
