Started by user [8mha:AAAAlh+LCAAAAAAAAP9b85aBtbiIQTGjNKU4P08vOT+vOD8nVc83PyU1x6OyILUoJzMv2y+/JJUBAhiZGBgqihhk0NSjKDWzXb3RdlLBUSYGJk8GtpzUvPSSDB8G5tKinBIGIZ+sxLJE/ZzEvHT94JKizLx0a6BxUmjGOUNodHsLgAzOEgYu/dLi1CL9vNKcHACFIKlWvwAAAA==[0manonymous
[EnvInject] - Loading node environment variables.
Building in workspace C:\Users\nagaraj.nookala\.jenkins\jobs\SiteInformation\workspace
 > C:\Program Files\Git\mingw64\libexec\git-core\git.exe rev-parse --is-inside-work-tree # timeout=10
Fetching changes from the remote Git repository
 > C:\Program Files\Git\mingw64\libexec\git-core\git.exe config remote.origin.url https://github.com/nooknaga/SiteInfo.git # timeout=10
Fetching upstream changes from https://github.com/nooknaga/SiteInfo.git
 > C:\Program Files\Git\mingw64\libexec\git-core\git.exe --version # timeout=10
using .gitcredentials to set credentials
 > C:\Program Files\Git\mingw64\libexec\git-core\git.exe config --local credential.username nookala.nagaraj@gmail.com # timeout=10
 > C:\Program Files\Git\mingw64\libexec\git-core\git.exe config --local credential.helper store --file=\"C:\Users\NAGARA~1.NOO\AppData\Local\Temp\git3999967145649875311.credentials\" # timeout=10
 > C:\Program Files\Git\mingw64\libexec\git-core\git.exe -c core.askpass=true fetch --tags --progress https://github.com/nooknaga/SiteInfo.git +refs/heads/*:refs/remotes/origin/*
 > C:\Program Files\Git\mingw64\libexec\git-core\git.exe config --local --remove-section credential # timeout=10
 > C:\Program Files\Git\mingw64\libexec\git-core\git.exe rev-parse "refs/remotes/origin/master^{commit}" # timeout=10
 > C:\Program Files\Git\mingw64\libexec\git-core\git.exe rev-parse "refs/remotes/origin/origin/master^{commit}" # timeout=10
Checking out Revision 2f977d68c5cf4851464c76be2419263ee8937506 (refs/remotes/origin/master)
 > C:\Program Files\Git\mingw64\libexec\git-core\git.exe config core.sparsecheckout # timeout=10
 > C:\Program Files\Git\mingw64\libexec\git-core\git.exe checkout -f 2f977d68c5cf4851464c76be2419263ee8937506
 > C:\Program Files\Git\mingw64\libexec\git-core\git.exe rev-list cce871f6a95116c74534308994efde1a36545a3c # timeout=10
SF-01
10.10.10.11
YktHstSF01.hosting.cloud.advent
Primary
SF-02
10.10.10.12
YktHstSF02.hosting.cloud.advent
Secondary
DC-01
10.10.10.13
YktHstDel01.hosting.cloud.advent
Primary
DC-02
10.10.10.14
YktHstDel02.hosting.cloud.advent
Secondary
SF-01
10.30.30.31
HrsHstSF01.hosting.cloud.advent
Primary
SF-02
10.30.30.32
HrsHstSF02.hosting.cloud.advent
Secondary
DC-01
10.30.30.33
HrsHstDel01.hosting.cloud.advent
Primary
DC-02
10.30.30.34
HrsHstDel02.hosting.cloud.advent
Secondary
ERROR: Build step failed with exception
[8mha:AAAAWB+LCAAAAAAAAP9b85aBtbiIQSmjNKU4P08vOT+vOD8nVc8DzHWtSE4tKMnMz/PLL0ldFVf2c+b/lb5MDAwVRQxSaBqcITRIIQMEMIIUFgAAckCEiWAAAAA=[0mgroovy.lang.MissingMethodException: No signature of method: groovy.sql.Sql.eachrow() is applicable for argument types: (java.lang.String, Script1$_run_closure3) values: [select Site1CitrixName, Site2CitrixName from sitepair where SitePairName ='YKT-HRS';, ...]
Possible solutions: eachRow(java.lang.String, groovy.lang.Closure), eachRow(groovy.lang.GString, groovy.lang.Closure), eachRow(java.lang.String, groovy.lang.Closure, groovy.lang.Closure), eachRow(java.lang.String, java.util.List, groovy.lang.Closure), eachRow(java.lang.String, java.util.Map, groovy.lang.Closure), eachRow(java.util.Map, java.lang.String, groovy.lang.Closure)
	at org.codehaus.groovy.runtime.ScriptBytecodeAdapter.unwrap(ScriptBytecodeAdapter.java:55)
	at org.codehaus.groovy.runtime.callsite.PojoMetaClassSite.call(PojoMetaClassSite.java:46)
	at org.codehaus.groovy.runtime.callsite.CallSiteArray.defaultCall(CallSiteArray.java:42)
	at org.codehaus.groovy.runtime.callsite.AbstractCallSite.call(AbstractCallSite.java:108)
	at org.codehaus.groovy.runtime.callsite.AbstractCallSite.call(AbstractCallSite.java:120)
	at Script1.run(Script1.groovy:120)
	at groovy.lang.GroovyShell.evaluate(GroovyShell.java:650)
	at groovy.lang.GroovyShell.evaluate(GroovyShell.java:636)
	at hudson.plugins.groovy.SystemGroovy.perform(SystemGroovy.java:98)
	at hudson.tasks.BuildStepMonitor$1.perform(BuildStepMonitor.java:20)
	at hudson.model.AbstractBuild$AbstractBuildExecution.perform(AbstractBuild.java:782)
	at hudson.model.Build$BuildExecution.build(Build.java:205)
	at hudson.model.Build$BuildExecution.doRun(Build.java:162)
	at hudson.model.AbstractBuild$AbstractBuildExecution.run(AbstractBuild.java:534)
	at hudson.model.Run.execute(Run.java:1738)
	at hudson.model.FreeStyleBuild.run(FreeStyleBuild.java:43)
	at hudson.model.ResourceController.execute(ResourceController.java:98)
	at hudson.model.Executor.run(Executor.java:410)
Build step 'Execute system Groovy script' marked build as failure
Finished: FAILURE
