Started by user [8mha:AAAAlh+LCAAAAAAAAP9b85aBtbiIQTGjNKU4P08vOT+vOD8nVc83PyU1x6OyILUoJzMv2y+/JJUBAhiZGBgqihhk0NSjKDWzXb3RdlLBUSYGJk8GtpzUvPSSDB8G5tKinBIGIZ+sxLJE/ZzEvHT94JKizLx0a6BxUmjGOUNodHsLgAzOEgYu/dLi1CL9vNKcHACFIKlWvwAAAA==[0manonymous
Building in workspace C:\Users\nagaraj.nookala\.jenkins\jobs\SiteInformation\workspace
[workspace] $ C:\groovy-2.4.7\bin\groovy.bat C:\Users\nagaraj.nookala\.jenkins\jobs\SiteInformation\workspace\hudson1703525873788146424.groovy
Caught: groovy.lang.MissingPropertyException: No such property: env for class: hudson1703525873788146424
groovy.lang.MissingPropertyException: No such property: env for class: hudson1703525873788146424
	at hudson1703525873788146424.run(hudson1703525873788146424.groovy:2)
Build step 'Execute Groovy script' marked build as failure
Finished: FAILURE
